<?xml version="1.0" encoding="UTF-8"?>
<testng-results ignored="0" total="7" passed="7" failed="0" skipped="0">
  <reporter-output>
  </reporter-output>
  <suite started-at="2023-09-14T17:54:40 IST" name="All Test Suite" finished-at="2023-09-14T17:57:46 IST" duration-ms="185874">
    <groups>
    </groups>
    <test started-at="2023-09-14T17:54:40 IST" name="C:/Users/hp/IdeaProjects/Nike.com" finished-at="2023-09-14T17:57:46 IST" duration-ms="185874">
      <class name="testclasses.RadioBtnTest">
        <test-method is-config="true" signature="beforeMethod()[pri:0, instance:testclasses.RadioBtnTest@27ff5d15]" started-at="2023-09-14T17:56:54 IST" name="beforeMethod" finished-at="2023-09-14T17:57:06 IST" duration-ms="11363" status="PASS">
          <reporter-output>
          </reporter-output>
        </test-method> <!-- beforeMethod -->
        <test-method signature="verifyRadioBtnFunctionality()[pri:7, instance:testclasses.RadioBtnTest@27ff5d15]" started-at="2023-09-14T17:57:06 IST" name="verifyRadioBtnFunctionality" description="verifying radio btn Functionality" finished-at="2023-09-14T17:57:20 IST" duration-ms="14322" status="PASS">
          <reporter-output>
          </reporter-output>
        </test-method> <!-- verifyRadioBtnFunctionality -->
        <test-method is-config="true" signature="afterMethod()[pri:0, instance:testclasses.RadioBtnTest@27ff5d15]" started-at="2023-09-14T17:57:20 IST" name="afterMethod" finished-at="2023-09-14T17:57:24 IST" duration-ms="3647" status="PASS">
          <reporter-output>
          </reporter-output>
        </test-method> <!-- afterMethod -->
      </class> <!-- testclasses.RadioBtnTest -->
      <class name="testclasses.ProductTest">
        <test-method is-config="true" signature="beforeMethod()[pri:0, instance:testclasses.ProductTest@1613674b]" started-at="2023-09-14T17:56:36 IST" name="beforeMethod" finished-at="2023-09-14T17:56:50 IST" duration-ms="14111" status="PASS">
          <reporter-output>
          </reporter-output>
        </test-method> <!-- beforeMethod -->
        <test-method signature="verifySearchProductFunctionality()[pri:3, instance:testclasses.ProductTest@1613674b]" started-at="2023-09-14T17:56:50 IST" name="verifySearchProductFunctionality" description="verifying Product Functionality" finished-at="2023-09-14T17:56:51 IST" duration-ms="698" status="PASS">
          <reporter-output>
          </reporter-output>
        </test-method> <!-- verifySearchProductFunctionality -->
        <test-method is-config="true" signature="afterMethod()[pri:0, instance:testclasses.ProductTest@1613674b]" started-at="2023-09-14T17:56:51 IST" name="afterMethod" finished-at="2023-09-14T17:56:54 IST" duration-ms="3571" status="PASS">
          <reporter-output>
          </reporter-output>
        </test-method> <!-- afterMethod -->
      </class> <!-- testclasses.ProductTest -->
      <class name="testclasses.SignInTest">
        <test-method is-config="true" signature="beforeMethod()[pri:0, instance:testclasses.SignInTest@4e096385]" started-at="2023-09-14T17:57:24 IST" name="beforeMethod" finished-at="2023-09-14T17:57:36 IST" duration-ms="12865" status="PASS">
          <reporter-output>
          </reporter-output>
        </test-method> <!-- beforeMethod -->
        <test-method signature="verifySigninWithValidEmailAndValidPassword()[pri:0, instance:testclasses.SignInTest@4e096385]" started-at="2023-09-14T17:57:36 IST" name="verifySigninWithValidEmailAndValidPassword" description="verify ValidEmailandPassword" finished-at="2023-09-14T17:57:46 IST" duration-ms="9081" status="PASS">
          <reporter-output>
          </reporter-output>
        </test-method> <!-- verifySigninWithValidEmailAndValidPassword -->
        <test-method is-config="true" signature="afterMethod()[pri:0, instance:testclasses.SignInTest@4e096385]" started-at="2023-09-14T17:57:46 IST" name="afterMethod" finished-at="2023-09-14T17:57:46 IST" duration-ms="466" status="PASS">
          <reporter-output>
          </reporter-output>
        </test-method> <!-- afterMethod -->
      </class> <!-- testclasses.SignInTest -->
      <class name="testclasses.HomeTest">
        <test-method is-config="true" signature="beforeMethod()[pri:0, instance:testclasses.HomeTest@b62d79]" started-at="2023-09-14T17:55:15 IST" name="beforeMethod" finished-at="2023-09-14T17:55:27 IST" duration-ms="11954" status="PASS">
          <reporter-output>
          </reporter-output>
        </test-method> <!-- beforeMethod -->
        <test-method signature="verifyWindowHandlingFunctionality()[pri:1, instance:testclasses.HomeTest@b62d79]" started-at="2023-09-14T17:55:27 IST" name="verifyWindowHandlingFunctionality" description="verify window handling" finished-at="2023-09-14T17:55:34 IST" duration-ms="6978" status="PASS">
          <reporter-output>
          </reporter-output>
        </test-method> <!-- verifyWindowHandlingFunctionality -->
        <test-method is-config="true" signature="afterMethod()[pri:0, instance:testclasses.HomeTest@b62d79]" started-at="2023-09-14T17:55:34 IST" name="afterMethod" finished-at="2023-09-14T17:55:38 IST" duration-ms="3689" status="PASS">
          <reporter-output>
          </reporter-output>
        </test-method> <!-- afterMethod -->
      </class> <!-- testclasses.HomeTest -->
      <class name="testclasses.MouseHoverTest">
        <test-method is-config="true" signature="beforeMethod()[pri:0, instance:testclasses.MouseHoverTest@5ace1ed4]" started-at="2023-09-14T17:56:05 IST" name="beforeMethod" finished-at="2023-09-14T17:56:19 IST" duration-ms="13778" status="PASS">
          <reporter-output>
          </reporter-output>
        </test-method> <!-- beforeMethod -->
        <test-method signature="verifyMouseHoverFunctionality()[pri:4, instance:testclasses.MouseHoverTest@5ace1ed4]" started-at="2023-09-14T17:56:19 IST" name="verifyMouseHoverFunctionality" description="verifying mouse hover Functionality" finished-at="2023-09-14T17:56:32 IST" duration-ms="13066" status="PASS">
          <reporter-output>
          </reporter-output>
        </test-method> <!-- verifyMouseHoverFunctionality -->
        <test-method is-config="true" signature="afterMethod()[pri:0, instance:testclasses.MouseHoverTest@5ace1ed4]" started-at="2023-09-14T17:56:32 IST" name="afterMethod" finished-at="2023-09-14T17:56:36 IST" duration-ms="3612" status="PASS">
          <reporter-output>
          </reporter-output>
        </test-method> <!-- afterMethod -->
      </class> <!-- testclasses.MouseHoverTest -->
      <class name="testclasses.IconBtnTest">
        <test-method is-config="true" signature="beforeMethod()[pri:0, instance:testclasses.IconBtnTest@6631f5ca]" started-at="2023-09-14T17:55:38 IST" name="beforeMethod" finished-at="2023-09-14T17:55:50 IST" duration-ms="12678" status="PASS">
          <reporter-output>
          </reporter-output>
        </test-method> <!-- beforeMethod -->
        <test-method signature="verifyiconBtnFunctionality()[pri:5, instance:testclasses.IconBtnTest@6631f5ca]" started-at="2023-09-14T17:55:50 IST" name="verifyiconBtnFunctionality" description="verifying icon btn Functionality" finished-at="2023-09-14T17:56:01 IST" duration-ms="11116" status="PASS">
          <reporter-output>
          </reporter-output>
        </test-method> <!-- verifyiconBtnFunctionality -->
        <test-method is-config="true" signature="afterMethod()[pri:0, instance:testclasses.IconBtnTest@6631f5ca]" started-at="2023-09-14T17:56:01 IST" name="afterMethod" finished-at="2023-09-14T17:56:05 IST" duration-ms="4068" status="PASS">
          <reporter-output>
          </reporter-output>
        </test-method> <!-- afterMethod -->
      </class> <!-- testclasses.IconBtnTest -->
      <class name="testclasses.DropDownTest">
        <test-method is-config="true" signature="beforeMethod()[pri:0, instance:testclasses.DropDownTest@2177849e]" started-at="2023-09-14T17:54:40 IST" name="beforeMethod" finished-at="2023-09-14T17:54:59 IST" duration-ms="19065" status="PASS">
          <reporter-output>
          </reporter-output>
        </test-method> <!-- beforeMethod -->
        <test-method signature="verifyDropDownFunctionality()[pri:6, instance:testclasses.DropDownTest@2177849e]" started-at="2023-09-14T17:54:59 IST" name="verifyDropDownFunctionality" description="verifying drop down Functionality" finished-at="2023-09-14T17:55:11 IST" duration-ms="11956" status="PASS">
          <reporter-output>
          </reporter-output>
        </test-method> <!-- verifyDropDownFunctionality -->
        <test-method is-config="true" signature="afterMethod()[pri:0, instance:testclasses.DropDownTest@2177849e]" started-at="2023-09-14T17:55:11 IST" name="afterMethod" finished-at="2023-09-14T17:55:15 IST" duration-ms="3639" status="PASS">
          <reporter-output>
          </reporter-output>
        </test-method> <!-- afterMethod -->
      </class> <!-- testclasses.DropDownTest -->
    </test> <!-- C:/Users/hp/IdeaProjects/Nike.com -->
  </suite> <!-- All Test Suite -->
</testng-results>
